WARNING: This page 『 utmccf.wordpress.com/events.html 』 contains these absolute url links:
	- 【 https://zht.utmccf.com 】	fix it by changing it to:【  】

WARNING: This page 『 utmccf.wordpress.com 』 contains these absolute url links:
	- 【 https://zht.utmccf.com 】	fix it by changing it to:【  】

WARNING: downloaded file [clean_utmccf.wordpress.com/sitemap.xml.diff] is not an HTML. It is not processed for ad/tracker cleaning
WARNING: This page 『 utmccf.wordpress.com/404.html 』 contains these absolute url links:
	- 【 https://zht.utmccf.com 】	fix it by changing it to:【  】

WARNING: This page 『 utmccf.wordpress.com/2024 』 contains these absolute url links:
	- 【 https://zht.utmccf.com 】	fix it by changing it to:【  】

WARNING: This page 『 utmccf.wordpress.com/2024/01/16/2024团契信息 』 contains these absolute url links:
	- 【 https://zht.utmccf.com 】	fix it by changing it to:【  】

WARNING: This page 『 utmccf.wordpress.com/2024/05/16/暑假团契 』 contains these absolute url links:
	- 【 https://zht.utmccf.com 】	fix it by changing it to:【  】

WARNING: This page 『 utmccf.wordpress.com/2024/03/13/职业规划分享～ 』 contains these absolute url links:
	- 【 https://zht.utmccf.com 】	fix it by changing it to:【  】

WARNING: This page 『 utmccf.wordpress.com/2024/02/06/春节活动-包饺子 』 contains these absolute url links:
	- 【 https://zht.utmccf.com 】	fix it by changing it to:【  】

WARNING: This page 『 utmccf.wordpress.com/2012 』 contains these absolute url links:
	- 【 https://zht.utmccf.com 】	fix it by changing it to:【  】

WARNING: This page 『 utmccf.wordpress.com/2012/08/03/查经-太6-1-4bible-study-matthew-6-1-4 』 contains these absolute url links:
	- 【 https://zht.utmccf.com 】	fix it by changing it to:【  】

WARNING: This page 『 utmccf.wordpress.com/2012/08/10/查经-太6-5-15bible-study-matthew-6-5-15 』 contains these absolute url links:
	- 【 https://zht.utmccf.com 】	fix it by changing it to:【  】

WARNING: This page 『 utmccf.wordpress.com/2012/08/17/新学期的活动new-school-term-meetings 』 contains these absolute url links:
	- 【 https://zht.utmccf.com 】	fix it by changing it to:【  】

WARNING: This page 『 utmccf.wordpress.com/2012/07/20/查经-太-5-38-42-bible-study-matthew-5-38-42 』 contains these absolute url links:
	- 【 https://zht.utmccf.com 】	fix it by changing it to:【  】

WARNING: This page 『 utmccf.wordpress.com/2012/07/27/查经-太5-43-48bible-study-matthew-5-43-48 』 contains these absolute url links:
	- 【 https://zht.utmccf.com 】	fix it by changing it to:【  】

WARNING: This page 『 utmccf.wordpress.com/2012/07/13/查经-太-5-33-37-bible-study-matthew-5-33-37 』 contains these absolute url links:
	- 【 https://zht.utmccf.com 】	fix it by changing it to:【  】

WARNING: This page 『 utmccf.wordpress.com/2012/07/06/查经-太527-32-bible-study-matthew-527-32 』 contains these absolute url links:
	- 【 https://zht.utmccf.com 】	fix it by changing it to:【  】

WARNING: This page 『 utmccf.wordpress.com/2012/01/20/三位一体的真神the-holy-trinity 』 contains these absolute url links:
	- 【 https://zht.utmccf.com 】	fix it by changing it to:【  】

WARNING: This page 『 utmccf.wordpress.com/2012/01/27/小组活动-cell-group-activity 』 contains these absolute url links:
	- 【 https://zht.utmccf.com 】	fix it by changing it to:【  】

WARNING: This page 『 utmccf.wordpress.com/2012/01/13/分享之夜sharing-night 』 contains these absolute url links:
	- 【 https://zht.utmccf.com 】	fix it by changing it to:【  】

WARNING: This page 『 utmccf.wordpress.com/2012/09/21/小组活动与讨论：打基础-group-activity-building-foundations 』 contains these absolute url links:
	- 【 https://zht.utmccf.com 】	fix it by changing it to:【  】

WARNING: This page 『 utmccf.wordpress.com/2012/09/14/迎新会-orientation 』 contains these absolute url links:
	- 【 https://zht.utmccf.com 】	fix it by changing it to:【  】

WARNING: This page 『 utmccf.wordpress.com/2012/09/28/赞美之泉演唱会-stream-of-praise-concert 』 contains these absolute url links:
	- 【 https://zht.utmccf.com 】	fix it by changing it to:【  】

WARNING: This page 『 utmccf.wordpress.com/2012/06/08/布道会-拥抱祝福-embracing-blessings 』 contains these absolute url links:
	- 【 https://zht.utmccf.com 】	fix it by changing it to:【  】

WARNING: This page 『 utmccf.wordpress.com/2012/06/01/来玩吧-lets-play 』 contains these absolute url links:
	- 【 https://zht.utmccf.com 】	fix it by changing it to:【  】

WARNING: This page 『 utmccf.wordpress.com/2012/06/15/查经讨论-律法-bible-studydiscussion-the-law 』 contains these absolute url links:
	- 【 https://zht.utmccf.com 】	fix it by changing it to:【  】

WARNING: This page 『 utmccf.wordpress.com/2012/06/22/查经讨论-动怒-bible-discussion-anger 』 contains these absolute url links:
	- 【 https://zht.utmccf.com 】	fix it by changing it to:【  】

WARNING: This page 『 utmccf.wordpress.com/2012/05/25/查经bible-study-太matthew-513-16 』 contains these absolute url links:
	- 【 https://zht.utmccf.com 】	fix it by changing it to:【  】

WARNING: This page 『 utmccf.wordpress.com/2012/03/30/敬拜之夜worship-night-2 』 contains these absolute url links:
	- 【 https://zht.utmccf.com 】	fix it by changing it to:【  】

WARNING: This page 『 utmccf.wordpress.com/2012/03/23/小组活动cell-group-activity-2 』 contains these absolute url links:
	- 【 https://zht.utmccf.com 】	fix it by changing it to:【  】

WARNING: This page 『 utmccf.wordpress.com/2012/03/31/篮球活动basketball-game 』 contains these absolute url links:
	- 【 https://zht.utmccf.com 】	fix it by changing it to:【  】

WARNING: This page 『 utmccf.wordpress.com/2012/03/09/信是有原reasons-to-believe 』 contains these absolute url links:
	- 【 https://zht.utmccf.com 】	fix it by changing it to:【  】

WARNING: This page 『 utmccf.wordpress.com/2012/03/16/小组活动cell-group-activity 』 contains these absolute url links:
	- 【 https://zht.utmccf.com 】	fix it by changing it to:【  】

WARNING: This page 『 utmccf.wordpress.com/2012/03/02/如何明白神的旨意-how-to-understand-gods-will 』 contains these absolute url links:
	- 【 https://zht.utmccf.com 】	fix it by changing it to:【  】

WARNING: This page 『 utmccf.wordpress.com/2012/12/20/圣诞聚餐christmas-dinner 』 contains these absolute url links:
	- 【 https://zht.utmccf.com 】	fix it by changing it to:【  】

WARNING: This page 『 utmccf.wordpress.com/2012/02/03/小组活动-cell-group-activity-2 』 contains these absolute url links:
	- 【 https://zht.utmccf.com 】	fix it by changing it to:【  】

WARNING: This page 『 utmccf.wordpress.com/2012/02/10/恋爱与交友love-and-relationships 』 contains these absolute url links:
	- 【 https://zht.utmccf.com 】	fix it by changing it to:【  】

WARNING: This page 『 utmccf.wordpress.com/2012/02/17/电影之夜movie-night 』 contains these absolute url links:
	- 【 https://zht.utmccf.com 】	fix it by changing it to:【  】

WARNING: This page 『 utmccf.wordpress.com/2012/10/19/查经bible-study-罪sin 』 contains these absolute url links:
	- 【 https://zht.utmccf.com 】	fix it by changing it to:【  】

WARNING: This page 『 utmccf.wordpress.com/2012/10/26/上帝的恩赐gods-gift 』 contains these absolute url links:
	- 【 https://zht.utmccf.com 】	fix it by changing it to:【  】

WARNING: This page 『 utmccf.wordpress.com/2012/10/05/感恩节聚餐-thanksgiving-dinner 』 contains these absolute url links:
	- 【 https://zht.utmccf.com 】	fix it by changing it to:【  】

WARNING: This page 『 utmccf.wordpress.com/2012/10/12/布道会-evangelical-conference 』 contains these absolute url links:
	- 【 https://zht.utmccf.com 】	fix it by changing it to:【  】

WARNING: This page 『 utmccf.wordpress.com/2012/10/12/布道会-evangelical-conference 』 contains these absolute url links:
	- 【 http://utmccf.com/conference/ 】	fix it by changing it to:【 /conference/ 】

WARNING: This page 『 utmccf.wordpress.com/2012/11/30/敬拜之夜worship-night-3 』 contains these absolute url links:
	- 【 https://zht.utmccf.com 】	fix it by changing it to:【  】

WARNING: This page 『 utmccf.wordpress.com/2012/11/23/圣经话剧-bible-skit 』 contains these absolute url links:
	- 【 https://zht.utmccf.com 】	fix it by changing it to:【  】

WARNING: This page 『 utmccf.wordpress.com/2012/11/09/龚牧师的鉴证pastor-gongs-testimony 』 contains these absolute url links:
	- 【 https://zht.utmccf.com 】	fix it by changing it to:【  】

WARNING: This page 『 utmccf.wordpress.com/2012/11/16/耶稣基督的诞生-birth-of-jesus-christ 』 contains these absolute url links:
	- 【 https://zht.utmccf.com 】	fix it by changing it to:【  】

WARNING: This page 『 utmccf.wordpress.com/2012/11/02/电影movie-勇气courageous 』 contains these absolute url links:
	- 【 https://zht.utmccf.com 】	fix it by changing it to:【  】

WARNING: This page 『 utmccf.wordpress.com/2008 』 contains these absolute url links:
	- 【 https://zht.utmccf.com 】	fix it by changing it to:【  】

WARNING: This page 『 utmccf.wordpress.com/2008/09/19/四川地震的思考-thoughts-on-sichuan-earthquake 』 contains these absolute url links:
	- 【 https://zht.utmccf.com 】	fix it by changing it to:【  】

WARNING: This page 『 utmccf.wordpress.com/2008/09/26/查经-bible-study-2 』 contains these absolute url links:
	- 【 https://zht.utmccf.com 】	fix it by changing it to:【  】

WARNING: This page 『 utmccf.wordpress.com/2008/12/18/免费圣诞大餐-free-christmas-dinner 』 contains these absolute url links:
	- 【 https://zht.utmccf.com 】	fix it by changing it to:【  】

WARNING: This page 『 utmccf.wordpress.com/2008/10/31/圣经剧场-bible-drama 』 contains these absolute url links:
	- 【 https://zht.utmccf.com 】	fix it by changing it to:【  】

WARNING: This page 『 utmccf.wordpress.com/2008/10/31/圣经剧场-bible-drama-2 』 contains these absolute url links:
	- 【 https://zht.utmccf.com 】	fix it by changing it to:【  】

WARNING: This page 『 utmccf.wordpress.com/2008/10/24/分享-sharing 』 contains these absolute url links:
	- 【 https://zht.utmccf.com 】	fix it by changing it to:【  】

WARNING: This page 『 utmccf.wordpress.com/2008/10/03/四川地震救灾分享-sichuan-earthquake-sharing 』 contains these absolute url links:
	- 【 https://zht.utmccf.com 】	fix it by changing it to:【  】

WARNING: This page 『 utmccf.wordpress.com/2008/10/10/赞美之泉-streams-of-praise 』 contains these absolute url links:
	- 【 https://zht.utmccf.com 】	fix it by changing it to:【  】

WARNING: This page 『 utmccf.wordpress.com/2008/10/17/查经：夜宿是谁？bible-study-who-is-jesus 』 contains these absolute url links:
	- 【 https://zht.utmccf.com 】	fix it by changing it to:【  】

WARNING: This page 『 utmccf.wordpress.com/2008/11/07/圣经查考-bible-study 』 contains these absolute url links:
	- 【 https://zht.utmccf.com 】	fix it by changing it to:【  】

WARNING: This page 『 utmccf.wordpress.com/2008/11/21/篮球比赛-basketball-tournament 』 contains these absolute url links:
	- 【 https://zht.utmccf.com 】	fix it by changing it to:【  】

WARNING: This page 『 utmccf.wordpress.com/2008/11/14/大筵席的比喻-parable-of-the-great-banquet 』 contains these absolute url links:
	- 【 https://zht.utmccf.com 】	fix it by changing it to:【  】

WARNING: This page 『 utmccf.wordpress.com/2008/11/28/诗歌敬拜-praise-and-worship-night 』 contains these absolute url links:
	- 【 https://zht.utmccf.com 】	fix it by changing it to:【  】

WARNING: This page 『 utmccf.wordpress.com/2011 』 contains these absolute url links:
	- 【 https://zht.utmccf.com 】	fix it by changing it to:【  】

WARNING: This page 『 utmccf.wordpress.com/2011/08/05/查经-–-箴-2918 』 contains these absolute url links:
	- 【 https://zht.utmccf.com 】	fix it by changing it to:【  】

WARNING: This page 『 utmccf.wordpress.com/2011/08/12/电影分享movie-night 』 contains these absolute url links:
	- 【 https://zht.utmccf.com 】	fix it by changing it to:【  】

WARNING: This page 『 utmccf.wordpress.com/2011/07/08/查经-–-腓-21-11-箴-1812-13 』 contains these absolute url links:
	- 【 https://zht.utmccf.com 】	fix it by changing it to:【  】

WARNING: This page 『 utmccf.wordpress.com/2011/07/15/查经-–-罗-118-32 』 contains these absolute url links:
	- 【 https://zht.utmccf.com 】	fix it by changing it to:【  】

WARNING: This page 『 utmccf.wordpress.com/2011/07/29/查经-–-弗-21-10 』 contains these absolute url links:
	- 【 https://zht.utmccf.com 】	fix it by changing it to:【  】

WARNING: This page 『 utmccf.wordpress.com/2011/07/22/查经-–-罗-141-23 』 contains these absolute url links:
	- 【 https://zht.utmccf.com 】	fix it by changing it to:【  】

WARNING: This page 『 utmccf.wordpress.com/2011/01/21/五餅二魚的故事jesus-feeds-the-five-thousand 』 contains these absolute url links:
	- 【 https://zht.utmccf.com 】	fix it by changing it to:【  】

WARNING: This page 『 utmccf.wordpress.com/2011/01/14/分享感恩夜sharing-and-thanksgiving 』 contains these absolute url links:
	- 【 https://zht.utmccf.com 】	fix it by changing it to:【  】

WARNING: This page 『 utmccf.wordpress.com/2011/01/28/天国八福-the-beatitudes 』 contains these absolute url links:
	- 【 https://zht.utmccf.com 】	fix it by changing it to:【  】

WARNING: This page 『 utmccf.wordpress.com/2011/09/30/讲座-–-圣经的可靠性 』 contains these absolute url links:
	- 【 https://zht.utmccf.com 】	fix it by changing it to:【  】

WARNING: This page 『 utmccf.wordpress.com/2011/09/23/神的创造-–-创-11-31 』 contains these absolute url links:
	- 【 https://zht.utmccf.com 】	fix it by changing it to:【  】

WARNING: This page 『 utmccf.wordpress.com/2011/09/16/中秋节-祝福的家mid-autumn-festival 』 contains these absolute url links:
	- 【 https://zht.utmccf.com 】	fix it by changing it to:【  】

WARNING: This page 『 utmccf.wordpress.com/2011/09/02/赞美之泉演唱会streams-of-praise-concert 』 contains these absolute url links:
	- 【 https://zht.utmccf.com 】	fix it by changing it to:【  】

WARNING: This page 『 utmccf.wordpress.com/2011/06/24/mccf-夏季聚餐-potluck 』 contains these absolute url links:
	- 【 https://zht.utmccf.com 】	fix it by changing it to:【  】

WARNING: This page 『 utmccf.wordpress.com/2011/06/03/查经-–-马太福音10：1-42 』 contains these absolute url links:
	- 【 https://zht.utmccf.com 】	fix it by changing it to:【  】

WARNING: This page 『 utmccf.wordpress.com/2011/06/10/查经-–-罗-131-7-彼前-213-36 』 contains these absolute url links:
	- 【 https://zht.utmccf.com 】	fix it by changing it to:【  】

WARNING: This page 『 utmccf.wordpress.com/2011/06/17/查经-–-太-2020-28-提前-31-7 』 contains these absolute url links:
	- 【 https://zht.utmccf.com 】	fix it by changing it to:【  】

WARNING: This page 『 utmccf.wordpress.com/2011/05/27/查经-–-林前-1212-16传47-12 』 contains these absolute url links:
	- 【 https://zht.utmccf.com 】	fix it by changing it to:【  】

WARNING: This page 『 utmccf.wordpress.com/2011/03/25/讲座-–-得知神的旨意knowing-god’s-will 』 contains these absolute url links:
	- 【 https://zht.utmccf.com 】	fix it by changing it to:【  】

WARNING: This page 『 utmccf.wordpress.com/2011/03/04/电影分享：《彼岸》-四海学踪 』 contains these absolute url links:
	- 【 https://zht.utmccf.com 】	fix it by changing it to:【  】

WARNING: This page 『 utmccf.wordpress.com/2011/03/11/爱，真奇妙love-everlasting 』 contains these absolute url links:
	- 【 https://zht.utmccf.com 】	fix it by changing it to:【  】

WARNING: This page 『 utmccf.wordpress.com/2011/03/17/耶稣基督的复活-resurrection-of-jesus-约翰-20 』 contains these absolute url links:
	- 【 https://zht.utmccf.com 】	fix it by changing it to:【  】

WARNING: This page 『 utmccf.wordpress.com/2011/12/20/圣诞晚餐christmas-dinner-2 』 contains these absolute url links:
	- 【 https://zht.utmccf.com 】	fix it by changing it to:【  】

WARNING: This page 『 utmccf.wordpress.com/2011/12/02/活动-耶稣诞生activity-birth-of-jesus 』 contains these absolute url links:
	- 【 https://zht.utmccf.com 】	fix it by changing it to:【  】

WARNING: This page 『 utmccf.wordpress.com/2011/04/01/敬拜之夜-诗歌分享worship-night-–-music-sharing 』 contains these absolute url links:
	- 【 https://zht.utmccf.com 】	fix it by changing it to:【  】

WARNING: This page 『 utmccf.wordpress.com/2011/02/18/讲座：-在校园里与学术上荣耀神 』 contains these absolute url links:
	- 【 https://zht.utmccf.com 】	fix it by changing it to:【  】

WARNING: This page 『 utmccf.wordpress.com/2011/02/04/泥土音乐演唱会-clay-music-concert 』 contains these absolute url links:
	- 【 https://zht.utmccf.com 】	fix it by changing it to:【  】

WARNING: This page 『 utmccf.wordpress.com/2011/02/04/滑雪报名-ski-trip-registration 』 contains these absolute url links:
	- 【 https://zht.utmccf.com 】	fix it by changing it to:【  】

WARNING: This page 『 utmccf.wordpress.com/2011/02/11/耶稣使拉撒路复活-jesus-raises-lazarus-from-the-dead 』 contains these absolute url links:
	- 【 https://zht.utmccf.com 】	fix it by changing it to:【  】

WARNING: This page 『 utmccf.wordpress.com/2011/10/07/分享-–-奇异恩典sharing-–-amazing-grace 』 contains these absolute url links:
	- 【 https://zht.utmccf.com 】	fix it by changing it to:【  】

WARNING: This page 『 utmccf.wordpress.com/2011/10/21/运动之夜sport-night 』 contains these absolute url links:
	- 【 https://zht.utmccf.com 】	fix it by changing it to:【  】

WARNING: This page 『 utmccf.wordpress.com/2011/10/21/查经-–-耶稣是谁-医治的神 』 contains these absolute url links:
	- 【 https://zht.utmccf.com 】	fix it by changing it to:【  】

WARNING: This page 『 utmccf.wordpress.com/2011/10/14/查经-–-耶稣是谁-行神迹的神 』 contains these absolute url links:
	- 【 https://zht.utmccf.com 】	fix it by changing it to:【  】

WARNING: This page 『 utmccf.wordpress.com/2011/11/18/查经-如何在学习上面倚靠神：信心约-4-43-54 』 contains these absolute url links:
	- 【 https://zht.utmccf.com 】	fix it by changing it to:【  】

WARNING: This page 『 utmccf.wordpress.com/2011/11/25/敬拜之夜-worship-night-3 』 contains these absolute url links:
	- 【 https://zht.utmccf.com 】	fix it by changing it to:【  】

WARNING: This page 『 utmccf.wordpress.com/2011/11/04/福音讲座-黑夜的访客-gospel-seminar 』 contains these absolute url links:
	- 【 https://zht.utmccf.com 】	fix it by changing it to:【  】

WARNING: This page 『 utmccf.wordpress.com/2011/11/11/查经-无罪的耶稣被钉十字架-约18：28-19：16 』 contains these absolute url links:
	- 【 https://zht.utmccf.com 】	fix it by changing it to:【  】

WARNING: This page 『 utmccf.wordpress.com/author/utmccf 』 contains these absolute url links:
	- 【 https://zht.utmccf.com 】	fix it by changing it to:【  】

WARNING: This page 『 utmccf.wordpress.com/author/utmccf/page/6 』 contains these absolute url links:
	- 【 https://zht.utmccf.com 】	fix it by changing it to:【  】

WARNING: This page 『 utmccf.wordpress.com/author/utmccf/page/5 』 contains these absolute url links:
	- 【 https://zht.utmccf.com 】	fix it by changing it to:【  】

WARNING: This page 『 utmccf.wordpress.com/author/utmccf/page/2 』 contains these absolute url links:
	- 【 https://zht.utmccf.com 】	fix it by changing it to:【  】

WARNING: This page 『 utmccf.wordpress.com/author/utmccf/page/4 』 contains these absolute url links:
	- 【 https://zht.utmccf.com 】	fix it by changing it to:【  】

WARNING: This page 『 utmccf.wordpress.com/author/utmccf/page/3 』 contains these absolute url links:
	- 【 https://zht.utmccf.com 】	fix it by changing it to:【  】

WARNING: This page 『 utmccf.wordpress.com/2022 』 contains these absolute url links:
	- 【 https://zht.utmccf.com 】	fix it by changing it to:【  】

WARNING: This page 『 utmccf.wordpress.com/2022/08/25/信仰101开课啦！ 』 contains these absolute url links:
	- 【 https://zht.utmccf.com 】	fix it by changing it to:【  】

WARNING: This page 『 utmccf.wordpress.com/2022/08/25/2022-summer-活动总集 』 contains these absolute url links:
	- 【 https://zht.utmccf.com 】	fix it by changing it to:【  】

WARNING: This page 『 utmccf.wordpress.com/2022/08/25/2022-summer-活动总集 』 contains these absolute url links:
	- 【 https://utmccf.com/?attachment_id=2825 】	fix it by changing it to:【 /?attachment_id=2825 】
	- 【 https://utmccf.com/?attachment_id=2833 】	fix it by changing it to:【 /?attachment_id=2833 】
	- 【 https://utmccf.com/?attachment_id=2834 】	fix it by changing it to:【 /?attachment_id=2834 】
	- 【 https://utmccf.com/?attachment_id=2832 】	fix it by changing it to:【 /?attachment_id=2832 】
	- 【 https://utmccf.com/?attachment_id=2837 】	fix it by changing it to:【 /?attachment_id=2837 】
	- 【 https://utmccf.com/?attachment_id=2835 】	fix it by changing it to:【 /?attachment_id=2835 】
	- 【 https://utmccf.com/?attachment_id=2830 】	fix it by changing it to:【 /?attachment_id=2830 】
	- 【 https://utmccf.com/fellowship/nl-615/ 】	fix it by changing it to:【 /fellowship/nl-615/ 】
	- 【 https://utmccf.com/conference/wechatimg560/ 】	fix it by changing it to:【 /conference/wechatimg560/ 】
	- 【 https://utmccf.com/conference/16101658206922_-pic/ 】	fix it by changing it to:【 /conference/16101658206922_-pic/ 】
	- 【 https://utmccf.com/?attachment_id=2827 】	fix it by changing it to:【 /?attachment_id=2827 】

WARNING: This page 『 utmccf.wordpress.com/2022/08/25/past-events-20182019 』 contains these absolute url links:
	- 【 https://zht.utmccf.com 】	fix it by changing it to:【  】

WARNING: This page 『 utmccf.wordpress.com/2022/09/12/2022-迎新活动：登山游戏！ 』 contains these absolute url links:
	- 【 https://zht.utmccf.com 】	fix it by changing it to:【  】

WARNING: This page 『 utmccf.wordpress.com/2022/09/21/9-23-新学期第一次查经：马太福音 』 contains these absolute url links:
	- 【 https://zht.utmccf.com 】	fix it by changing it to:【  】

WARNING: This page 『 utmccf.wordpress.com/2022/10/05/周五活动：一起查经！ 』 contains these absolute url links:
	- 【 https://zht.utmccf.com 】	fix it by changing it to:【  】

WARNING: This page 『 utmccf.wordpress.com/2022/11/30/2022f-最后一次团契 』 contains these absolute url links:
	- 【 https://zht.utmccf.com 】	fix it by changing it to:【  】

WARNING: This page 『 utmccf.wordpress.com/2022/11/10/11-18-讲座：拖延症晚期有救吗？ 』 contains these absolute url links:
	- 【 https://zht.utmccf.com 】	fix it by changing it to:【  】

WARNING: This page 『 utmccf.wordpress.com/2014 』 contains these absolute url links:
	- 【 https://zht.utmccf.com 】	fix it by changing it to:【  】

WARNING: This page 『 utmccf.wordpress.com/2014/10/15/movie-night 』 contains these absolute url links:
	- 【 https://zht.utmccf.com 】	fix it by changing it to:【  】

WARNING: This page 『 utmccf.wordpress.com/category/过去活动-past-events 』 contains these absolute url links:
	- 【 https://zht.utmccf.com 】	fix it by changing it to:【  】

WARNING: This page 『 utmccf.wordpress.com/category/过去活动-past-events/page/6 』 contains these absolute url links:
	- 【 https://zht.utmccf.com 】	fix it by changing it to:【  】

WARNING: This page 『 utmccf.wordpress.com/category/过去活动-past-events/page/5 』 contains these absolute url links:
	- 【 https://zht.utmccf.com 】	fix it by changing it to:【  】

WARNING: This page 『 utmccf.wordpress.com/category/过去活动-past-events/page/2 』 contains these absolute url links:
	- 【 https://zht.utmccf.com 】	fix it by changing it to:【  】

WARNING: This page 『 utmccf.wordpress.com/category/过去活动-past-events/page/4 』 contains these absolute url links:
	- 【 https://zht.utmccf.com 】	fix it by changing it to:【  】

WARNING: This page 『 utmccf.wordpress.com/category/过去活动-past-events/page/3 』 contains these absolute url links:
	- 【 https://zht.utmccf.com 】	fix it by changing it to:【  】

WARNING: This page 『 utmccf.wordpress.com/category/每周活动-weekly-events 』 contains these absolute url links:
	- 【 https://zht.utmccf.com 】	fix it by changing it to:【  】

WARNING: This page 『 utmccf.wordpress.com/category/特别消息-news 』 contains these absolute url links:
	- 【 https://zht.utmccf.com 】	fix it by changing it to:【  】

WARNING: This page 『 utmccf.wordpress.com/about-us-关于我们 』 contains these absolute url links:
	- 【 https://zht.utmccf.com 】	fix it by changing it to:【  】

WARNING: This page 『 utmccf.wordpress.com/2013 』 contains these absolute url links:
	- 【 https://zht.utmccf.com 】	fix it by changing it to:【  】

WARNING: This page 『 utmccf.wordpress.com/2013/08/23/查经-bible-study-可mark-9-14-29 』 contains these absolute url links:
	- 【 https://zht.utmccf.com 】	fix it by changing it to:【  】

WARNING: This page 『 utmccf.wordpress.com/2013/08/16/查经-bible-study-太matthew-18-21-35 』 contains these absolute url links:
	- 【 https://zht.utmccf.com 】	fix it by changing it to:【  】

WARNING: This page 『 utmccf.wordpress.com/2013/08/02/查经bible-study-可mark-10-17-22 』 contains these absolute url links:
	- 【 https://zht.utmccf.com 】	fix it by changing it to:【  】

WARNING: This page 『 utmccf.wordpress.com/2013/08/02/查经-bible-study-太matthew-13-1-23 』 contains these absolute url links:
	- 【 https://zht.utmccf.com 】	fix it by changing it to:【  】

WARNING: This page 『 utmccf.wordpress.com/2013/07/19/查经-bible-study-可mark-4-35-41 』 contains these absolute url links:
	- 【 https://zht.utmccf.com 】	fix it by changing it to:【  】

WARNING: This page 『 utmccf.wordpress.com/2013/07/26/1256 』 contains these absolute url links:
	- 【 https://zht.utmccf.com 】	fix it by changing it to:【  】

WARNING: This page 『 utmccf.wordpress.com/2013/07/05/查经bible-study-可mark-2：1-12 』 contains these absolute url links:
	- 【 https://zht.utmccf.com 】	fix it by changing it to:【  】

WARNING: This page 『 utmccf.wordpress.com/2013/07/12/户外活动-ultimate-frisbee 』 contains these absolute url links:
	- 【 https://zht.utmccf.com 】	fix it by changing it to:【  】

WARNING: This page 『 utmccf.wordpress.com/2013/01/18/爱从哪里来 』 contains these absolute url links:
	- 【 https://zht.utmccf.com 】	fix it by changing it to:【  】

WARNING: This page 『 utmccf.wordpress.com/2013/01/25/爱的特质 』 contains these absolute url links:
	- 【 https://zht.utmccf.com 】	fix it by changing it to:【  】

WARNING: This page 『 utmccf.wordpress.com/2013/01/11/分享之夜 』 contains these absolute url links:
	- 【 https://zht.utmccf.com 】	fix it by changing it to:【  】

WARNING: This page 『 utmccf.wordpress.com/2013/09/20/寻宝大行动-treasure-sharing 』 contains these absolute url links:
	- 【 https://zht.utmccf.com 】	fix it by changing it to:【  】

WARNING: This page 『 utmccf.wordpress.com/2013/09/27/查经bible-study-约9章 』 contains these absolute url links:
	- 【 https://zht.utmccf.com 】	fix it by changing it to:【  】

WARNING: This page 『 utmccf.wordpress.com/2013/09/13/mccf-orientation-迎新活动 』 contains these absolute url links:
	- 【 https://zht.utmccf.com 】	fix it by changing it to:【  】

WARNING: This page 『 utmccf.wordpress.com/2013/06/07/罪-issue-of-sin 』 contains these absolute url links:
	- 【 https://zht.utmccf.com 】	fix it by changing it to:【  】

WARNING: This page 『 utmccf.wordpress.com/2013/06/21/十字架与就恩the-cross-and-salvation 』 contains these absolute url links:
	- 【 https://zht.utmccf.com 】	fix it by changing it to:【  】

WARNING: This page 『 utmccf.wordpress.com/2013/06/14/对付罪how-to-deal-with-sin 』 contains these absolute url links:
	- 【 https://zht.utmccf.com 】	fix it by changing it to:【  】

WARNING: This page 『 utmccf.wordpress.com/2013/06/28/重生得救born-again 』 contains these absolute url links:
	- 【 https://zht.utmccf.com 】	fix it by changing it to:【  】

WARNING: This page 『 utmccf.wordpress.com/2013/05/31/认识神-who-is-god 』 contains these absolute url links:
	- 【 https://zht.utmccf.com 】	fix it by changing it to:【  】

WARNING: This page 『 utmccf.wordpress.com/2013/05/24/泥土音乐布道会 』 contains these absolute url links:
	- 【 https://zht.utmccf.com 】	fix it by changing it to:【  】

WARNING: This page 『 utmccf.wordpress.com/2013/05/17/信 』 contains these absolute url links:
	- 【 https://zht.utmccf.com 】	fix it by changing it to:【  】

WARNING: This page 『 utmccf.wordpress.com/2013/03/08/讲座：为何爱-（李德诚讲员） 』 contains these absolute url links:
	- 【 https://zht.utmccf.com 】	fix it by changing it to:【  】

WARNING: This page 『 utmccf.wordpress.com/2013/03/01/爱家人-2 』 contains these absolute url links:
	- 【 https://zht.utmccf.com 】	fix it by changing it to:【  】

WARNING: This page 『 utmccf.wordpress.com/2013/03/15/运动之夜-sports-night 』 contains these absolute url links:
	- 【 https://zht.utmccf.com 】	fix it by changing it to:【  】

WARNING: This page 『 utmccf.wordpress.com/2013/03/29/纪念耶稣受难日 』 contains these absolute url links:
	- 【 https://zht.utmccf.com 】	fix it by changing it to:【  】

WARNING: This page 『 utmccf.wordpress.com/2013/03/22/回应神的爱 』 contains these absolute url links:
	- 【 https://zht.utmccf.com 】	fix it by changing it to:【  】

WARNING: This page 『 utmccf.wordpress.com/2013/04/05/committee换届选举 』 contains these absolute url links:
	- 【 https://zht.utmccf.com 】	fix it by changing it to:【  】

WARNING: This page 『 utmccf.wordpress.com/2013/02/08/爱家人 』 contains these absolute url links:
	- 【 https://zht.utmccf.com 】	fix it by changing it to:【  】

WARNING: This page 『 utmccf.wordpress.com/2013/02/01/爱邻舍 』 contains these absolute url links:
	- 【 https://zht.utmccf.com 】	fix it by changing it to:【  】

WARNING: This page 『 utmccf.wordpress.com/2013/02/15/情人节讲座 』 contains these absolute url links:
	- 【 https://zht.utmccf.com 】	fix it by changing it to:【  】

WARNING: This page 『 utmccf.wordpress.com/2013/02/22/laser-tag 』 contains these absolute url links:
	- 【 https://zht.utmccf.com 】	fix it by changing it to:【  】

WARNING: This page 『 utmccf.wordpress.com/2013/10/18/1324 』 contains these absolute url links:
	- 【 https://zht.utmccf.com 】	fix it by changing it to:【  】

WARNING: This page 『 utmccf.wordpress.com/2013/10/25/查经bible-study 』 contains these absolute url links:
	- 【 https://zht.utmccf.com 】	fix it by changing it to:【  】

WARNING: This page 『 utmccf.wordpress.com/2013/10/04/查经bible-study-太matthew-131-23 』 contains these absolute url links:
	- 【 https://zht.utmccf.com 】	fix it by changing it to:【  】

WARNING: This page 『 utmccf.wordpress.com/2013/10/11/seminar 』 contains these absolute url links:
	- 【 https://zht.utmccf.com 】	fix it by changing it to:【  】

WARNING: This page 『 utmccf.wordpress.com/2013/11/01/讲座seminar-为何要信耶稣why-believe-in-jesus 』 contains these absolute url links:
	- 【 https://zht.utmccf.com 】	fix it by changing it to:【  】

WARNING: This page 『 utmccf.wordpress.com/committee-16-17 』 contains these absolute url links:
	- 【 https://zht.utmccf.com 】	fix it by changing it to:【  】

WARNING: This page 『 utmccf.wordpress.com/zht-utmccf-com 』 contains these absolute url links:
	- 【 zht.utmccf.com 】	fix it by changing it to:【  】

WARNING: This page 『 utmccf.wordpress.com/zht-utmccf-com 』 contains these absolute url links:
	- 【 zht.utmccf.com 】	fix it by changing it to:【  】

WARNING: This page 『 utmccf.wordpress.com/zht-utmccf-com 』 contains these absolute url links:
	- 【 https://zht.utmccf.com 】	fix it by changing it to:【  】

WARNING: This page 『 utmccf.wordpress.com/contact-usfeedback-联络我们提交反馈 』 contains these absolute url links:
	- 【 https://zht.utmccf.com 】	fix it by changing it to:【  】

WARNING: downloaded file [clean_utmccf.wordpress.com/wp-content/uploads/2022/06/wechatimg560.jpeg] is not an HTML. It is not processed for ad/tracker cleaning
WARNING: downloaded file [clean_utmccf.wordpress.com/wp-content/uploads/2022/11/wechatimg1987.jpeg] is not an HTML. It is not processed for ad/tracker cleaning
WARNING: downloaded file [clean_utmccf.wordpress.com/wp-content/uploads/2025/09/137dd25d-a475-49a9-8158-e4adf927db0c_1_105_c-2-edited.jpeg] is not an HTML. It is not processed for ad/tracker cleaning
WARNING: downloaded file [clean_utmccf.wordpress.com/wp-content/uploads/2025/09/whatsapp-image-2025-08-31-at-20.53.39-1.jpeg] is not an HTML. It is not processed for ad/tracker cleaning
WARNING: downloaded file [clean_utmccf.wordpress.com/wp-content/uploads/2025/09/137dd25d-a475-49a9-8158-e4adf927db0c_1_105_c-2.jpeg] is not an HTML. It is not processed for ad/tracker cleaning
WARNING: downloaded file [clean_utmccf.wordpress.com/wp-content/uploads/2025/09/whatsapp-image-2025-09-22-at-16.28.39.jpeg] is not an HTML. It is not processed for ad/tracker cleaning
WARNING: downloaded file [clean_utmccf.wordpress.com/wp-content/uploads/2023/10/wechatimg2844-1.jpeg] is not an HTML. It is not processed for ad/tracker cleaning
WARNING: This page 『 utmccf.wordpress.com/2010 』 contains these absolute url links:
	- 【 https://zht.utmccf.com 】	fix it by changing it to:【  】

WARNING: This page 『 utmccf.wordpress.com/2010/08/27/ktv-outing 』 contains these absolute url links:
	- 【 https://zht.utmccf.com 】	fix it by changing it to:【  】

WARNING: This page 『 utmccf.wordpress.com/2010/08/13/圣经话剧（约1-4）-bible-skits-john-1-4 』 contains these absolute url links:
	- 【 https://zht.utmccf.com 】	fix it by changing it to:【  】

WARNING: This page 『 utmccf.wordpress.com/2010/08/05/查经约-443-54-bible-study-john-443-54 』 contains these absolute url links:
	- 【 https://zht.utmccf.com 】	fix it by changing it to:【  】

WARNING: This page 『 utmccf.wordpress.com/2010/07/30/查经约-427-42-bible-study-john-427-42 』 contains these absolute url links:
	- 【 https://zht.utmccf.com 】	fix it by changing it to:【  】

WARNING: This page 『 utmccf.wordpress.com/2010/07/23/查经约-41-26-bible-study-john-41-26 』 contains these absolute url links:
	- 【 https://zht.utmccf.com 】	fix it by changing it to:【  】

WARNING: This page 『 utmccf.wordpress.com/2010/07/09/查经约-31-21-bible-study-john-31-21 』 contains these absolute url links:
	- 【 https://zht.utmccf.com 】	fix it by changing it to:【  】

WARNING: This page 『 utmccf.wordpress.com/2010/07/16/查经约-322-26-bible-study-john-322-26 』 contains these absolute url links:
	- 【 https://zht.utmccf.com 】	fix it by changing it to:【  】

WARNING: This page 『 utmccf.wordpress.com/2010/01/08/多大基督徒国语团契-－-冬季退修会 』 contains these absolute url links:
	- 【 https://zht.utmccf.com 】	fix it by changing it to:【  】

WARNING: This page 『 utmccf.wordpress.com/2010/01/15/圣经情景剧以及小组查经bible-study-skit 』 contains these absolute url links:
	- 【 https://zht.utmccf.com 】	fix it by changing it to:【  】

WARNING: This page 『 utmccf.wordpress.com/2010/01/29/“运动之夜”之英式女篮-sports-night-netball 』 contains these absolute url links:
	- 【 https://zht.utmccf.com 】	fix it by changing it to:【  】

WARNING: This page 『 utmccf.wordpress.com/2010/01/22/讲员信息《福音与查经》-speaker-sermon-the-gospel-and-bible-study 』 contains these absolute url links:
	- 【 https://zht.utmccf.com 】	fix it by changing it to:【  】

WARNING: This page 『 utmccf.wordpress.com/2010/09/25/湖心岛之游center-island 』 contains these absolute url links:
	- 【 https://zht.utmccf.com 】	fix it by changing it to:【  】

WARNING: This page 『 utmccf.wordpress.com/2010/09/24/圣经话剧-–-约翰福音11：耶稣使拉撒路复活 』 contains these absolute url links:
	- 【 https://zht.utmccf.com 】	fix it by changing it to:【  】

WARNING: This page 『 utmccf.wordpress.com/2010/09/11/赞美之泉音乐布道会-streams-of-praise 』 contains these absolute url links:
	- 【 https://zht.utmccf.com 】	fix it by changing it to:【  】

WARNING: This page 『 utmccf.wordpress.com/2010/09/17/专题讲座-–-明月几时有guest-speaker 』 contains these absolute url links:
	- 【 https://zht.utmccf.com 】	fix it by changing it to:【  】

WARNING: This page 『 utmccf.wordpress.com/2010/page/2 』 contains these absolute url links:
	- 【 https://zht.utmccf.com 】	fix it by changing it to:【  】

WARNING: This page 『 utmccf.wordpress.com/2010/06/18/查经约-212-25-bible-study-john-212-25 』 contains these absolute url links:
	- 【 https://zht.utmccf.com 】	fix it by changing it to:【  】

WARNING: This page 『 utmccf.wordpress.com/2010/06/04/查经约-135-50-bible-study-john-135-50 』 contains these absolute url links:
	- 【 https://zht.utmccf.com 】	fix it by changing it to:【  】

WARNING: This page 『 utmccf.wordpress.com/2010/06/11/查经约-21-11-bible-study-john-21-11 』 contains these absolute url links:
	- 【 https://zht.utmccf.com 】	fix it by changing it to:【  】

WARNING: This page 『 utmccf.wordpress.com/2010/05/21/查经《约翰福音》-bible-study-the-book-of-john 』 contains these absolute url links:
	- 【 https://zht.utmccf.com 】	fix it by changing it to:【  】

WARNING: This page 『 utmccf.wordpress.com/2010/05/28/查经-约-119-34-bible-study-john-119-34 』 contains these absolute url links:
	- 【 https://zht.utmccf.com 】	fix it by changing it to:【  】

WARNING: This page 『 utmccf.wordpress.com/2010/03/19/查经作门徒-bible-study-being-a-disciple 』 contains these absolute url links:
	- 【 https://zht.utmccf.com 】	fix it by changing it to:【  】

WARNING: This page 『 utmccf.wordpress.com/2010/03/26/敬拜之夜-worship-night-2 』 contains these absolute url links:
	- 【 https://zht.utmccf.com 】	fix it by changing it to:【  】

WARNING: This page 『 utmccf.wordpress.com/2010/03/05/查经善用时间与恩赐-bible-study-using-time-and-gifts-well 』 contains these absolute url links:
	- 【 https://zht.utmccf.com 】	fix it by changing it to:【  】

WARNING: This page 『 utmccf.wordpress.com/2010/03/12/讲员信息在真理中得自由-speaker-topic-the-truth-will-set-you-free 』 contains these absolute url links:
	- 【 https://zht.utmccf.com 】	fix it by changing it to:【  】

WARNING: This page 『 utmccf.wordpress.com/2010/03/10/special-event-the-veritas-forum 』 contains these absolute url links:
	- 【 https://zht.utmccf.com 】	fix it by changing it to:【  】

WARNING: This page 『 utmccf.wordpress.com/2010/12/03/敬拜之夜worship-night 』 contains these absolute url links:
	- 【 https://zht.utmccf.com 】	fix it by changing it to:【  】

WARNING: This page 『 utmccf.wordpress.com/2010/12/17/圣诞晚餐christmas-dinner 』 contains these absolute url links:
	- 【 https://zht.utmccf.com 】	fix it by changing it to:【  】

WARNING: This page 『 utmccf.wordpress.com/2010/04/02/本周起团契活动暂停-no-fellowship-this-friday 』 contains these absolute url links:
	- 【 https://zht.utmccf.com 】	fix it by changing it to:【  】

WARNING: This page 『 utmccf.wordpress.com/2010/02/26/查经《耶稣是谁？》bible-study-topic-“who-is-jesus-christ” 』 contains these absolute url links:
	- 【 https://zht.utmccf.com 】	fix it by changing it to:【  】

WARNING: This page 『 utmccf.wordpress.com/2010/02/05/查经《罪》bible-study-topic-sin 』 contains these absolute url links:
	- 【 https://zht.utmccf.com 】	fix it by changing it to:【  】

WARNING: This page 『 utmccf.wordpress.com/2010/02/15/星期一的新年包饺子活动 』 contains these absolute url links:
	- 【 https://zht.utmccf.com 】	fix it by changing it to:【  】

WARNING: This page 『 utmccf.wordpress.com/2010/02/12/情人节valentines-day 』 contains these absolute url links:
	- 【 https://zht.utmccf.com 】	fix it by changing it to:【  】

WARNING: This page 『 utmccf.wordpress.com/2010/10/08/查经bible-study-路加luke-1711-19 』 contains these absolute url links:
	- 【 https://zht.utmccf.com 】	fix it by changing it to:【  】

WARNING: This page 『 utmccf.wordpress.com/2010/10/01/特别讲座：超越理性，认识真理-surpassing-rationality-and-knowing-the-truth 』 contains these absolute url links:
	- 【 https://zht.utmccf.com 】	fix it by changing it to:【  】

WARNING: This page 『 utmccf.wordpress.com/2010/10/15/查经bible-study-约翰john-31-15 』 contains these absolute url links:
	- 【 https://zht.utmccf.com 】	fix it by changing it to:【  】

WARNING: This page 『 utmccf.wordpress.com/2010/10/29/园主复仇记return-of-the-landlord 』 contains these absolute url links:
	- 【 https://zht.utmccf.com 】	fix it by changing it to:【  】

WARNING: This page 『 utmccf.wordpress.com/2010/10/22/查经bible-study-约翰john-91-41 』 contains these absolute url links:
	- 【 https://zht.utmccf.com 】	fix it by changing it to:【  】

WARNING: This page 『 utmccf.wordpress.com/2010/11/20/1040-影片特映-film-screening 』 contains these absolute url links:
	- 【 https://zht.utmccf.com 】	fix it by changing it to:【  】

WARNING: This page 『 utmccf.wordpress.com/2010/11/19/查经bible-study-–-约翰john-41-26 』 contains these absolute url links:
	- 【 https://zht.utmccf.com 】	fix it by changing it to:【  】

WARNING: This page 『 utmccf.wordpress.com/2010/11/26/查经bible-study-–-约翰john-1828-1916 』 contains these absolute url links:
	- 【 https://zht.utmccf.com 】	fix it by changing it to:【  】

WARNING: This page 『 utmccf.wordpress.com/2010/11/05/电影：天作之盒movie-the-miracle-box 』 contains these absolute url links:
	- 【 https://zht.utmccf.com 】	fix it by changing it to:【  】

WARNING: This page 『 utmccf.wordpress.com/2010/11/12/运动之夜sports-night 』 contains these absolute url links:
	- 【 https://zht.utmccf.com 】	fix it by changing it to:【  】

WARNING: This page 『 utmccf.wordpress.com/churches 』 contains these absolute url links:
	- 【 https://zht.utmccf.com 】	fix it by changing it to:【  】

WARNING: This page 『 utmccf.wordpress.com/团契历史-mccf-history 』 contains these absolute url links:
	- 【 https://zht.utmccf.com 】	fix it by changing it to:【  】

WARNING: This page 『 utmccf.wordpress.com/2025 』 contains these absolute url links:
	- 【 https://zht.utmccf.com 】	fix it by changing it to:【  】

WARNING: This page 『 utmccf.wordpress.com/2025/04/08/音乐敬拜夜歌词注解 』 contains these absolute url links:
	- 【 https://zht.utmccf.com 】	fix it by changing it to:【  】

WARNING: This page 『 utmccf.wordpress.com/2025/04/08/worship-night-testimonies 』 contains these absolute url links:
	- 【 https://zht.utmccf.com 】	fix it by changing it to:【  】

WARNING: This page 『 utmccf.wordpress.com/2009 』 contains these absolute url links:
	- 【 https://zht.utmccf.com 】	fix it by changing it to:【  】

WARNING: This page 『 utmccf.wordpress.com/2009/08/13/clubs-day-prep 』 contains these absolute url links:
	- 【 https://zht.utmccf.com 】	fix it by changing it to:【  】

WARNING: This page 『 utmccf.wordpress.com/2009/07/30/查經-bible-study-2 』 contains these absolute url links:
	- 【 https://zht.utmccf.com 】	fix it by changing it to:【  】

WARNING: This page 『 utmccf.wordpress.com/2009/07/23/查經-bible-study 』 contains these absolute url links:
	- 【 https://zht.utmccf.com 】	fix it by changing it to:【  】

WARNING: This page 『 utmccf.wordpress.com/2009/07/09/查经-bible-study-9 』 contains these absolute url links:
	- 【 https://zht.utmccf.com 】	fix it by changing it to:【  】

WARNING: This page 『 utmccf.wordpress.com/2009/07/16/查经-bible-study-10 』 contains these absolute url links:
	- 【 https://zht.utmccf.com 】	fix it by changing it to:【  】

WARNING: This page 『 utmccf.wordpress.com/2009/07/02/查经-bible-study-8 』 contains these absolute url links:
	- 【 https://zht.utmccf.com 】	fix it by changing it to:【  】

WARNING: This page 『 utmccf.wordpress.com/2009/01/30/经文分享-scripture-sharing 』 contains these absolute url links:
	- 【 https://zht.utmccf.com 】	fix it by changing it to:【  】

WARNING: This page 『 utmccf.wordpress.com/2009/01/23/什么是祷告？-what-is-prayer 』 contains these absolute url links:
	- 【 https://zht.utmccf.com 】	fix it by changing it to:【  】

WARNING: This page 『 utmccf.wordpress.com/2009/01/09/分享-sharing-2 』 contains these absolute url links:
	- 【 https://zht.utmccf.com 】	fix it by changing it to:【  】

WARNING: This page 『 utmccf.wordpress.com/2009/01/16/查经被鬼附身-bible-study-demons 』 contains these absolute url links:
	- 【 https://zht.utmccf.com 】	fix it by changing it to:【  】

WARNING: This page 『 utmccf.wordpress.com/2009/09/18/布道会-coffee-house 』 contains these absolute url links:
	- 【 https://zht.utmccf.com 】	fix it by changing it to:【  】

WARNING: This page 『 utmccf.wordpress.com/2009/09/25/招娣的故事-the-story-of-joseph 』 contains these absolute url links:
	- 【 https://zht.utmccf.com 】	fix it by changing it to:【  】

WARNING: This page 『 utmccf.wordpress.com/2009/09/04/u-t-s-u-clubs-day 』 contains these absolute url links:
	- 【 https://zht.utmccf.com 】	fix it by changing it to:【  】

WARNING: This page 『 utmccf.wordpress.com/2009/09/11/mccf-orientation 』 contains these absolute url links:
	- 【 https://zht.utmccf.com 】	fix it by changing it to:【  】

WARNING: This page 『 utmccf.wordpress.com/2009/page/2 』 contains these absolute url links:
	- 【 https://zht.utmccf.com 】	fix it by changing it to:【  】

WARNING: This page 『 utmccf.wordpress.com/2009/06/18/祷告会-prayer-meeting 』 contains these absolute url links:
	- 【 https://zht.utmccf.com 】	fix it by changing it to:【  】

WARNING: This page 『 utmccf.wordpress.com/2009/06/25/查经-bible-study-7 』 contains these absolute url links:
	- 【 https://zht.utmccf.com 】	fix it by changing it to:【  】

WARNING: This page 『 utmccf.wordpress.com/2009/06/04/查经-bible-study-4 』 contains these absolute url links:
	- 【 https://zht.utmccf.com 】	fix it by changing it to:【  】

WARNING: This page 『 utmccf.wordpress.com/2009/06/11/查经-bible-study-5 』 contains these absolute url links:
	- 【 https://zht.utmccf.com 】	fix it by changing it to:【  】

WARNING: This page 『 utmccf.wordpress.com/2009/05/05/夏季退修会-2009 』 contains these absolute url links:
	- 【 https://zht.utmccf.com 】	fix it by changing it to:【  】

WARNING: This page 『 utmccf.wordpress.com/2009/05/21/查经-bible-study-3 』 contains these absolute url links:
	- 【 https://zht.utmccf.com 】	fix it by changing it to:【  】

WARNING: This page 『 utmccf.wordpress.com/2009/05/28/查经-bible-study-6 』 contains these absolute url links:
	- 【 https://zht.utmccf.com 】	fix it by changing it to:【  】

WARNING: This page 『 utmccf.wordpress.com/2009/03/20/joint-fellowship-coffeehouse 』 contains these absolute url links:
	- 【 https://zht.utmccf.com 】	fix it by changing it to:【  】

WARNING: This page 『 utmccf.wordpress.com/2009/03/27/查经-bible-study 』 contains these absolute url links:
	- 【 https://zht.utmccf.com 】	fix it by changing it to:【  】

WARNING: This page 『 utmccf.wordpress.com/2009/03/13/前辈分享-sharing 』 contains these absolute url links:
	- 【 https://zht.utmccf.com 】	fix it by changing it to:【  】

WARNING: This page 『 utmccf.wordpress.com/2009/03/06/查经：耶稣召门徒　bible-study-calling-of-the-disciples 』 contains these absolute url links:
	- 【 https://zht.utmccf.com 】	fix it by changing it to:【  】

WARNING: This page 『 utmccf.wordpress.com/2009/12/17/免费圣诞节晚餐-free-christmas-dinner 』 contains these absolute url links:
	- 【 https://zht.utmccf.com 】	fix it by changing it to:【  】

WARNING: This page 『 utmccf.wordpress.com/2009/04/03/一起崇拜-praise-and-worship 』 contains these absolute url links:
	- 【 https://zht.utmccf.com 】	fix it by changing it to:【  】

WARNING: This page 『 utmccf.wordpress.com/2009/02/18/滑雪-ski-trip 』 contains these absolute url links:
	- 【 https://zht.utmccf.com 】	fix it by changing it to:【  】

WARNING: This page 『 utmccf.wordpress.com/2009/02/27/团队精神-team-work 』 contains these absolute url links:
	- 【 https://zht.utmccf.com 】	fix it by changing it to:【  】

WARNING: This page 『 utmccf.wordpress.com/2009/02/13/真爱-true-love 』 contains these absolute url links:
	- 【 https://zht.utmccf.com 】	fix it by changing it to:【  】

WARNING: This page 『 utmccf.wordpress.com/2009/02/01/滑雪-ice-skating 』 contains these absolute url links:
	- 【 https://zht.utmccf.com 】	fix it by changing it to:【  】

WARNING: This page 『 utmccf.wordpress.com/2009/02/06/圣经其实大有来头！bible-qa 』 contains these absolute url links:
	- 【 https://zht.utmccf.com 】	fix it by changing it to:【  】

WARNING: This page 『 utmccf.wordpress.com/2009/10/30/看小电影以及分享-short-film-viewing-and-sharing 』 contains these absolute url links:
	- 【 https://zht.utmccf.com 】	fix it by changing it to:【  】

WARNING: This page 『 utmccf.wordpress.com/2009/10/23/什么是异端呢？what-is-a-heresy？ 』 contains these absolute url links:
	- 【 https://zht.utmccf.com 】	fix it by changing it to:【  】

WARNING: This page 『 utmccf.wordpress.com/2009/10/09/短宣分享和教会介绍-missions-trip-sharing-and-church-introduction 』 contains these absolute url links:
	- 【 https://zht.utmccf.com 】	fix it by changing it to:【  】

WARNING: This page 『 utmccf.wordpress.com/2009/10/16/什么是在耶稣基督里的永生呢-what-is-eternal-life-in-jesus-christ 』 contains these absolute url links:
	- 【 https://zht.utmccf.com 】	fix it by changing it to:【  】

WARNING: This page 『 utmccf.wordpress.com/2009/10/16/outreach-ministry-ccf 』 contains these absolute url links:
	- 【 https://zht.utmccf.com 】	fix it by changing it to:【  】

WARNING: This page 『 utmccf.wordpress.com/2009/10/12/感恩节的聚餐服侍-thanksgiving-outreach-opportunity 』 contains these absolute url links:
	- 【 https://zht.utmccf.com 】	fix it by changing it to:【  】

WARNING: This page 『 utmccf.wordpress.com/2009/10/02/赞美之泉音乐布道会stream-of-praise-evangelical-concert 』 contains these absolute url links:
	- 【 https://zht.utmccf.com 】	fix it by changing it to:【  】

WARNING: This page 『 utmccf.wordpress.com/2009/11/20/unity-coffeehouse 』 contains these absolute url links:
	- 【 https://zht.utmccf.com 】	fix it by changing it to:【  】

WARNING: This page 『 utmccf.wordpress.com/2009/11/27/敬拜之夜-worship-night 』 contains these absolute url links:
	- 【 https://zht.utmccf.com 】	fix it by changing it to:【  】

WARNING: This page 『 utmccf.wordpress.com/2009/11/13/看电影以及分享-short-film-viewing-and-sharing 』 contains these absolute url links:
	- 【 https://zht.utmccf.com 】	fix it by changing it to:【  】

WARNING: This page 『 utmccf.wordpress.com/2009/11/04/布道会：你想在永恒爱中成长吗？do-you-want-to-grow-in-eternal-love 』 contains these absolute url links:
	- 【 https://zht.utmccf.com 】	fix it by changing it to:【  】

WARNING: This page 『 utmccf.wordpress.com/committee-委员会-0809 』 contains these absolute url links:
	- 【 https://zht.utmccf.com 】	fix it by changing it to:【  】

WARNING: This page 『 utmccf.wordpress.com/type/gallery 』 contains these absolute url links:
	- 【 https://zht.utmccf.com 】	fix it by changing it to:【  】

WARNING: This page 『 utmccf.wordpress.com/type/image 』 contains these absolute url links:
	- 【 https://zht.utmccf.com 】	fix it by changing it to:【  】

WARNING: This page 『 utmccf.wordpress.com/fellowship 』 contains these absolute url links:
	- 【 https://zht.utmccf.com 】	fix it by changing it to:【  】

WARNING: This page 『 utmccf.wordpress.com/代祷事项-prayer-requests 』 contains these absolute url links:
	- 【 https://zht.utmccf.com 】	fix it by changing it to:【  】

WARNING: downloaded file [clean_utmccf.wordpress.com/20250426/ans.webm] is not an HTML. It is not processed for ad/tracker cleaning
WARNING: downloaded file [clean_utmccf.wordpress.com/20250426/croped.JPG] is not an HTML. It is not processed for ad/tracker cleaning
WARNING: This page 『 utmccf.wordpress.com/free-campus-tour 』 contains these absolute url links:
	- 【 https://zht.utmccf.com 】	fix it by changing it to:【  】

WARNING: This page 『 utmccf.wordpress.com/past-events 』 contains these absolute url links:
	- 【 https://zht.utmccf.com 】	fix it by changing it to:【  】

WARNING: This page 『 utmccf.wordpress.com/2023 』 contains these absolute url links:
	- 【 https://zht.utmccf.com 】	fix it by changing it to:【  】

WARNING: This page 『 utmccf.wordpress.com/2023/09/09/2023迎新趴！ 』 contains these absolute url links:
	- 【 https://zht.utmccf.com 】	fix it by changing it to:【  】

WARNING: This page 『 utmccf.wordpress.com/2023/05/15/暑假团契开始啦 』 contains these absolute url links:
	- 【 https://zht.utmccf.com 】	fix it by changing it to:【  】

WARNING: This page 『 utmccf.wordpress.com/2023/03/22/music-worship-night 』 contains these absolute url links:
	- 【 https://zht.utmccf.com 】	fix it by changing it to:【  】

WARNING: This page 『 utmccf.wordpress.com/2023/02/08/准毕业生讲座：路在何方 』 contains these absolute url links:
	- 【 https://zht.utmccf.com 】	fix it by changing it to:【  】

WARNING: GNU Wget 1.21.4 built on linux-gnu.

-cares +digest -gpgme +https +ipv6 +iri +large-file -metalink +nls 
+ntlm +opie +psl +ssl/openssl 

Wgetrc: 
    /etc/wgetrc (system)
Locale: 
    /usr/share/locale 
Compile: 
    gcc -DHAVE_CONFIG_H -DSYSTEM_WGETRC="/etc/wgetrc" 
    -DLOCALEDIR="/usr/share/locale" -I. -I../../src -I../lib 
    -I../../lib -Wdate-time -D_FORTIFY_SOURCE=3 -DHAVE_LIBSSL -DNDEBUG 
    -g -O2 -fno-omit-frame-pointer -mno-omit-leaf-frame-pointer 
    -ffile-prefix-map=/build/wget-LWnKWI/wget-1.21.4=. -flto=auto 
    -ffat-lto-objects -fstack-protector-strong -fstack-clash-protection 
    -Wformat -Werror=format-security -fcf-protection 
    -fdebug-prefix-map=/build/wget-LWnKWI/wget-1.21.4=/usr/src/wget-1.21.4-1ubuntu4.1 
    -DNO_SSLv2 -D_FILE_OFFSET_BITS=64 -g -Wall 
Link: 
    gcc -DHAVE_LIBSSL -DNDEBUG -g -O2 -fno-omit-frame-pointer 
    -mno-omit-leaf-frame-pointer 
    -ffile-prefix-map=/build/wget-LWnKWI/wget-1.21.4=. -flto=auto 
    -ffat-lto-objects -fstack-protector-strong -fstack-clash-protection 
    -Wformat -Werror=format-security -fcf-protection 
    -fdebug-prefix-map=/build/wget-LWnKWI/wget-1.21.4=/usr/src/wget-1.21.4-1ubuntu4.1 
    -DNO_SSLv2 -D_FILE_OFFSET_BITS=64 -g -Wall -Wl,-Bsymbolic-functions 
    -flto=auto -ffat-lto-objects -Wl,-z,relro -Wl,-z,now -lpcre2-8 
    -luuid -lidn2 -lssl -lcrypto -lz -lpsl ../lib/libgnu.a 

Copyright (C) 2015 Free Software Foundation, Inc.
License GPLv3+: GNU GPL version 3 or later
<http://www.gnu.org/licenses/gpl.html>.
This is free software: you are free to change and redistribute it.
There is NO WARRANTY, to the extent permitted by law.

Originally written by Hrvoje Niksic <hniksic@xemacs.org>.
Please send bug reports and questions to <bug-wget@gnu.org>.

DONE: website published with 285 warnings and 0 errors. Last updated 2026-01-22 20:03:42 EST


* Website is published with warnings/errors. Please check all affected pages. If nothing is broken, ignore the warnings/errors
** Absolute url may or may not cause broken links on the website. Click on all links & buttons on the listed pages to see if they are broken
